<?xml version="1.0" encoding="UTF-8"?>
<!-- Generated by org.testng.reporters.JUnitReportReporter -->
<testsuite skipped="0" hostname="QA-SarfrajA" name="seleniumpracticeself.Testngselfdemo" tests="2" failures="0" timestamp="13 Oct 2019 18:56:16 GMT" time="35.801" errors="0">
  <testcase name="DZlogin" time="13.997" classname="seleniumpracticeself.Testngselfdemo"/>
  <testcase name="findmenu" time="21.804" classname="seleniumpracticeself.Testngselfdemo"/>
</testsuite> <!-- seleniumpracticeself.Testngselfdemo -->
