<?xml version="1.0" encoding="UTF-8"?>
<!-- Generated by org.testng.reporters.JUnitReportReporter -->
<testsuite skipped="0" hostname="QA-SarfrajA" name="TestngGogo" tests="2" failures="0" timestamp="12 Oct 2019 07:10:00 GMT" time="3.480" errors="0">
  <testcase name="acheckUserNameExist" time="3.192" classname="TestngGogo"/>
  <testcase name="bcheckGoMohanLinkExist" time="0.288" classname="TestngGogo"/>
</testsuite> <!-- TestngGogo -->
