<?xml version="1.0" encoding="UTF-8"?>
<!-- Generated by org.testng.reporters.JUnitReportReporter -->
<testsuite name="PradeepGroup.PradeepArtifact.AppTest" tests="1" time="50.788" ignored="0" failures="0" timestamp="20 Oct 2019 05:41:15 GMT" skipped="0" hostname="QA-SarfrajA" errors="0">
  <testcase name="testCase1" time="50.788" classname="PradeepGroup.PradeepArtifact.AppTest"/>
</testsuite> <!-- PradeepGroup.PradeepArtifact.AppTest -->
